Mono path[0] = 'C:/Program Files (x86)/Steam/steamapps/common/PlateUp/PlateUp/PlateUp_Data/Managed'
Mono config path = 'C:/Program Files (x86)/Steam/steamapps/common/PlateUp/PlateUp/MonoBleedingEdge/etc'
Fallback handler could not load library C:/Program Files (x86)/Steam/steamapps/common/PlateUp/PlateUp/PlateUp_Data/Mono/lib/usr/lib/libSystem.dylib
Fallback handler could not load library C:/Program Files (x86)/Steam/steamapps/common/PlateUp/PlateUp/PlateUp_Data/Mono/lib/usr/lib/libSystem.dylib.dll
Fallback handler could not load library C:/Program Files (x86)/Steam/steamapps/common/PlateUp/PlateUp/PlateUp_Data/Mono/lib/usr/lib/libSystem.dylib
Fallback handler could not load library C:/Program Files (x86)/Steam/steamapps/common/PlateUp/PlateUp/PlateUp_Data/Mono/libc.so.6
Fallback handler could not load library C:/Program Files (x86)/Steam/steamapps/common/PlateUp/PlateUp/PlateUp_Data/Mono/libc.so.6.dll
Fallback handler could not load library C:/Program Files (x86)/Steam/steamapps/common/PlateUp/PlateUp/PlateUp_Data/Mono/libc.so.6
Fallback handler could not load library C:/Program Files (x86)/Steam/steamapps/common/PlateUp/PlateUp/PlateUp_Data/Mono/data-000001B1FC74C070.dll
Fallback handler could not load library C:/Program Files (x86)/Steam/steamapps/common/PlateUp/PlateUp/PlateUp_Data/Mono/data-000001B1FFCA8040.dll
Initialize engine version: 2020.3.34f1 (9a4c9c70452b)
[Subsystems] Discovering subsystems at path C:/Program Files (x86)/Steam/steamapps/common/PlateUp/PlateUp/PlateUp_Data/UnitySubsystems
GfxDevice: creating device client; threaded=1
Direct3D:
    Version:  Direct3D 11.0 [level 11.1]
    Renderer: Intel(R) Iris(R) Xe Graphics (ID=0x9a49)
    Vendor:   
    VRAM:     8075 MB
    Driver:   31.0.101.1999
Begin MonoManager ReloadAssembly
- Completed reload, in  0.146 seconds
<RI> Initializing input.
New input system (experimental) initialized
<RI> Input initialized.
<RI> Initialized touch support.
Odin Serializer ArchitectureInfo initialization with defaults (all unaligned read/writes disabled).
UnloadTime: 0.521000 ms
[Message:   BepInEx] BepInEx 5.4.21.0 - PlateUp (8/10/2022 7:58:17 PM)
[Info   :   BepInEx] Running under Unity v2020.3.34.10112156
[Info   :   BepInEx] CLR runtime version: 4.0.30319.42000
[Info   :   BepInEx] Supports SRE: True
[Info   :   BepInEx] System platform: Bits64, Windows
[Message:   BepInEx] Preloader started
[Info   :   BepInEx] Loaded 1 patcher method from [BepInEx.Preloader 5.4.21.0]
[Info   :   BepInEx] 1 patcher plugin loaded
[Info   :   BepInEx] Patching [UnityEngine.CoreModule] with [BepInEx.Chainloader]
[Message:   BepInEx] Preloader finished
[Message:   BepInEx] Chainloader ready
[Message:   BepInEx] Chainloader started
[Info   :   BepInEx] 5 plugins to load
[Info   :   BepInEx] Loading [Configuration Manager 17.1]
[Info   :   BepInEx] Loading [UnityExplorer 4.9.0]
[Message:UnityExplorer] UnityExplorer 4.9.0 initializing...
[Message:UnityExplorer] [UniverseLib] UniverseLib 1.5.1 initializing...
[Message:UnityExplorer] [UniverseLib] Finished UniverseLib initial setup.
Fallback handler could not load library C:/Program Files (x86)/Steam/steamapps/common/PlateUp/PlateUp/PlateUp_Data/Mono/data-000001B2B56048E0.dll
[Message:UnityExplorer] Initialized UnityCrashPrevention for: Canvas.get_renderingDisplaySize
[Info   :   BepInEx] Loading [KitchenLib 0.2.2]
[Info   :   BepInEx] Loading [Pasta Palace 0.0.1]
[Info   :   BepInEx] Loading [Shop & Item Enhancements by Willi 0.4.3]
[Message:   BepInEx] Chainloader startup complete
[Message:UnityExplorer] [Unity] Odin Serializer detected whitelisted runtime platform WindowsPlayer and memory read test succeeded; enabling all unaligned memory read/writes.
Odin Serializer detected whitelisted runtime platform WindowsPlayer and memory read test succeeded; enabling all unaligned memory read/writes.
[Message:UnityExplorer] [Unity] Loaded Textures.
Loaded Textures.
[Message:UnityExplorer] [Unity] Loaded Noodles.
Loaded Noodles.
[Message:UnityExplorer] [Unity] Loaded Red Sauce.
Loaded Red Sauce.
[Message:UnityExplorer] [Unity] Loaded White Sauce.
Loaded White Sauce.
[Message:UnityExplorer] [Unity] Loaded Dish.
Loaded Dish.
[Message:UnityExplorer] [Unity] Found appid 1599600
Found appid 1599600
[Message:UnityExplorer] [Unity] Initialising PlateUp! 1.1.1 (A44C)
Initialising PlateUp! 1.1.1 (A44C)
[Warning:UnityExplorer] [Unity] KitchenData.ItemGroup must be instantiated using the ScriptableObject.CreateInstance method instead of new ItemGroup.
KitchenData.ItemGroup must be instantiated using the ScriptableObject.CreateInstance method instead of new ItemGroup.
[Warning:UnityExplorer] [Unity] KitchenData.ItemGroup must be instantiated using the ScriptableObject.CreateInstance method instead of new ItemGroup.
KitchenData.ItemGroup must be instantiated using the ScriptableObject.CreateInstance method instead of new ItemGroup.
Uploading Crash Report
[Error  :UnityExplorer] [Unity] NullReferenceException: Object reference not set to an instance of an object
NullReferenceException: Object reference not set to an instance of an object
  at PastaPalace.RawNoodles.OnRegister (KitchenData.GameDataObject gameDataObject) [0x00039] in <0ee714bd5bb348c9af2e48f28d584cf4>:0 
  at KitchenLib.Customs.GameDataConstructor_Patch.Postfix (KitchenData.GameDataConstructor __instance, KitchenData.GameData __result) [0x0005e] in <1a411ba7a0d840f0a206b05f8b57d2aa>:0 
  at (wrapper dynamic-method) KitchenData.GameDataConstructor.DMD<KitchenData.GameDataConstructor::BuildGameData>(KitchenData.GameDataConstructor)
  at Kitchen.GameCreator.PerformInitialSetup () [0x00045] in <2d4ef9f84ccb450a9f9504c16ef503d3>:0 
  at Kitchen.GameCreator.Start () [0x0004a] in <2d4ef9f84ccb450a9f9504c16ef503d3>:0 

[Debug  :   BepInEx] [UnityInput] Using LegacyInputSystem
[Warning:UnityExplorer] [Unity] [Steam] Connected to Steam with AppID 1599600
[Steam] Connected to Steam with AppID 1599600
[Message:UnityExplorer] [UniverseLib] Initialized Legacy Input support
Fallback handler could not load library C:/Program Files (x86)/Steam/steamapps/common/PlateUp/PlateUp/PlateUp_Data/Mono/data-000001B3796C7D80.dll
Fallback handler could not load library C:/Program Files (x86)/Steam/steamapps/common/PlateUp/PlateUp/PlateUp_Data/Mono/data-000001B3796C95A0.dll
Fallback handler could not load library C:/Program Files (x86)/Steam/steamapps/common/PlateUp/PlateUp/PlateUp_Data/Mono/data-000001B3796C2910.dll
[Message:UnityExplorer] [UniverseLib] Loaded modern bundle for Unity 2020.3.34f1
[Message:UnityExplorer] [UniverseLib] UniverseLib 1.5.1 initialized.
[Message:UnityExplorer] Creating UI...
Fallback handler could not load library C:/Program Files (x86)/Steam/steamapps/common/PlateUp/PlateUp/PlateUp_Data/Mono/data-000001B3796CA1B0.dll
[Message:UnityExplorer] UnityExplorer 4.9.0 (Mono) initialized.
